<?xml version="1.0" encoding="UTF-8"?>
<testng-results ignored="0" total="2" passed="2" failed="0" skipped="0">
  <reporter-output>
  </reporter-output>
  <suite started-at="2024-03-10T14:38:04 IST" name="Suite" finished-at="2024-03-10T14:38:13 IST" duration-ms="8920">
    <groups>
    </groups>
    <test started-at="2024-03-10T14:38:04 IST" name="Test" finished-at="2024-03-10T14:38:13 IST" duration-ms="8920">
      <class name="facebook.Home_TestCases">
        <test-method is-config="true" signature="testbefore()[pri:0, instance:facebook.Home_TestCases@229d10bd]" started-at="2024-03-10T14:38:04 IST" name="testbefore" finished-at="2024-03-10T14:38:05 IST" duration-ms="416" status="PASS">
          <reporter-output>
          </reporter-output>
        </test-method> <!-- testbefore -->
        <test-method is-config="true" signature="openBrowser()[pri:0, instance:facebook.Home_TestCases@229d10bd]" started-at="2024-03-10T14:38:05 IST" name="openBrowser" finished-at="2024-03-10T14:38:09 IST" duration-ms="4661" status="PASS">
          <reporter-output>
          </reporter-output>
        </test-method> <!-- openBrowser -->
        <test-method is-config="true" signature="navigateBrowser()[pri:0, instance:facebook.Home_TestCases@229d10bd]" started-at="2024-03-10T14:38:09 IST" name="navigateBrowser" finished-at="2024-03-10T14:38:11 IST" duration-ms="1720" status="PASS">
          <reporter-output>
          </reporter-output>
        </test-method> <!-- navigateBrowser -->
        <test-method signature="homePage_Test001()[pri:0, instance:facebook.Home_TestCases@229d10bd]" started-at="2024-03-10T14:38:11 IST" name="homePage_Test001" finished-at="2024-03-10T14:38:11 IST" duration-ms="89" status="PASS">
          <reporter-output>
          </reporter-output>
        </test-method> <!-- homePage_Test001 -->
        <test-method is-config="true" signature="afterMethod()[pri:0, instance:facebook.Home_TestCases@229d10bd]" started-at="2024-03-10T14:38:11 IST" name="afterMethod" finished-at="2024-03-10T14:38:12 IST" duration-ms="435" status="PASS">
          <reporter-output>
          </reporter-output>
        </test-method> <!-- afterMethod -->
        <test-method is-config="true" signature="navigateBrowser()[pri:0, instance:facebook.Home_TestCases@229d10bd]" started-at="2024-03-10T14:38:12 IST" name="navigateBrowser" finished-at="2024-03-10T14:38:13 IST" duration-ms="1059" status="PASS">
          <reporter-output>
          </reporter-output>
        </test-method> <!-- navigateBrowser -->
        <test-method signature="homePage_Test002()[pri:0, instance:facebook.Home_TestCases@229d10bd]" started-at="2024-03-10T14:38:13 IST" name="homePage_Test002" finished-at="2024-03-10T14:38:13 IST" duration-ms="56" status="PASS">
          <reporter-output>
          </reporter-output>
        </test-method> <!-- homePage_Test002 -->
        <test-method is-config="true" signature="afterMethod()[pri:0, instance:facebook.Home_TestCases@229d10bd]" started-at="2024-03-10T14:38:13 IST" name="afterMethod" finished-at="2024-03-10T14:38:13 IST" duration-ms="127" status="PASS">
          <reporter-output>
          </reporter-output>
        </test-method> <!-- afterMethod -->
        <test-method is-config="true" signature="closeBrowser()[pri:0, instance:facebook.Home_TestCases@229d10bd]" started-at="2024-03-10T14:38:13 IST" name="closeBrowser" finished-at="2024-03-10T14:38:13 IST" duration-ms="158" status="PASS">
          <reporter-output>
          </reporter-output>
        </test-method> <!-- closeBrowser -->
        <test-method is-config="true" signature="testAfter()[pri:0, instance:facebook.Home_TestCases@229d10bd]" started-at="2024-03-10T14:38:13 IST" name="testAfter" finished-at="2024-03-10T14:38:13 IST" duration-ms="111" status="PASS">
          <reporter-output>
          </reporter-output>
        </test-method> <!-- testAfter -->
      </class> <!-- facebook.Home_TestCases -->
    </test> <!-- Test -->
  </suite> <!-- Suite -->
</testng-results>
