<?xml version="1.0" encoding="UTF-8"?>
<testng-results ignored="0" total="2" passed="2" failed="0" skipped="0">
  <reporter-output>
  </reporter-output>
  <suite started-at="2024-02-27T13:53:52 IST" name="Default suite" finished-at="2024-02-27T13:54:01 IST" duration-ms="9016">
    <groups>
    </groups>
    <test started-at="2024-02-27T13:53:52 IST" name="Default test" finished-at="2024-02-27T13:54:01 IST" duration-ms="9016">
      <class name="facebook.Home_TestCases">
        <test-method is-config="true" signature="testbefore()[pri:0, instance:facebook.Home_TestCases@51e69659]" started-at="2024-02-27T13:53:52 IST" name="testbefore" finished-at="2024-02-27T13:53:52 IST" duration-ms="671" status="PASS">
          <reporter-output>
          </reporter-output>
        </test-method> <!-- testbefore -->
        <test-method is-config="true" signature="openBrowser()[pri:0, instance:facebook.Home_TestCases@51e69659]" started-at="2024-02-27T13:53:52 IST" name="openBrowser" finished-at="2024-02-27T13:53:57 IST" duration-ms="4414" status="PASS">
          <reporter-output>
          </reporter-output>
        </test-method> <!-- openBrowser -->
        <test-method is-config="true" signature="navigateBrowser()[pri:0, instance:facebook.Home_TestCases@51e69659]" started-at="2024-02-27T13:53:57 IST" name="navigateBrowser" finished-at="2024-02-27T13:53:58 IST" duration-ms="1699" status="PASS">
          <reporter-output>
          </reporter-output>
        </test-method> <!-- navigateBrowser -->
        <test-method signature="homePage_Test001()[pri:0, instance:facebook.Home_TestCases@51e69659]" started-at="2024-02-27T13:53:58 IST" name="homePage_Test001" finished-at="2024-02-27T13:53:58 IST" duration-ms="95" status="PASS">
          <reporter-output>
          </reporter-output>
        </test-method> <!-- homePage_Test001 -->
        <test-method is-config="true" signature="afterMethod()[pri:0, instance:facebook.Home_TestCases@51e69659]" started-at="2024-02-27T13:53:58 IST" name="afterMethod" finished-at="2024-02-27T13:53:59 IST" duration-ms="620" status="PASS">
          <reporter-output>
          </reporter-output>
        </test-method> <!-- afterMethod -->
        <test-method is-config="true" signature="navigateBrowser()[pri:0, instance:facebook.Home_TestCases@51e69659]" started-at="2024-02-27T13:53:59 IST" name="navigateBrowser" finished-at="2024-02-27T13:54:00 IST" duration-ms="698" status="PASS">
          <reporter-output>
          </reporter-output>
        </test-method> <!-- navigateBrowser -->
        <test-method signature="homePage_Test002()[pri:0, instance:facebook.Home_TestCases@51e69659]" started-at="2024-02-27T13:54:00 IST" name="homePage_Test002" finished-at="2024-02-27T13:54:00 IST" duration-ms="67" status="PASS">
          <reporter-output>
          </reporter-output>
        </test-method> <!-- homePage_Test002 -->
        <test-method is-config="true" signature="afterMethod()[pri:0, instance:facebook.Home_TestCases@51e69659]" started-at="2024-02-27T13:54:00 IST" name="afterMethod" finished-at="2024-02-27T13:54:00 IST" duration-ms="177" status="PASS">
          <reporter-output>
          </reporter-output>
        </test-method> <!-- afterMethod -->
        <test-method is-config="true" signature="closeBrowser()[pri:0, instance:facebook.Home_TestCases@51e69659]" started-at="2024-02-27T13:54:00 IST" name="closeBrowser" finished-at="2024-02-27T13:54:00 IST" duration-ms="356" status="PASS">
          <reporter-output>
          </reporter-output>
        </test-method> <!-- closeBrowser -->
        <test-method is-config="true" signature="testAfter()[pri:0, instance:facebook.Home_TestCases@51e69659]" started-at="2024-02-27T13:54:00 IST" name="testAfter" finished-at="2024-02-27T13:54:01 IST" duration-ms="108" status="PASS">
          <reporter-output>
          </reporter-output>
        </test-method> <!-- testAfter -->
      </class> <!-- facebook.Home_TestCases -->
    </test> <!-- Default test -->
  </suite> <!-- Default suite -->
</testng-results>
